<?xml version="1.0" encoding="UTF-8"?>
<!-- Generated by org.testng.reporters.JUnitXMLReporter -->
<testsuite ignored="0" hostname="DESKTOP-TASGCT9" failures="0" tests="4" name="Default test" time="50.25" errors="0" timestamp="2022-02-02T11:12:47 GMT-05:00">
  <testcase classname="tests.LoginTest" name="LoginWithWrongEmailPasswordTest" time="3.151"/>
  <testcase classname="tests.LoginTest" name="loginWithEmptyEmailTest" time="2.864"/>
  <testcase classname="tests.LoginTest" name="loginWithEmptyPasswordTest" time="2.817"/>
  <testcase classname="tests.LoginTest" name="loginWithInvalidEmailTest" time="2.82"/>
</testsuite> <!-- Default test -->
