<?xml version="1.0" encoding="UTF-8"?>
<!-- Generated by org.testng.reporters.JUnitXMLReporter -->
<testsuite ignored="0" hostname="DESKTOP-TASGCT9" failures="0" tests="4" name="Test" time="102.953" errors="0" timestamp="2022-02-04T23:39:49 GMT-05:00">
  <testcase classname="tests.LoginTest" name="LoginWithWrongEmailPasswordTest" time="6.89"/>
  <testcase classname="tests.LoginTest" name="loginWithEmptyEmailTest" time="7.003"/>
  <testcase classname="tests.LoginTest" name="loginWithEmptyPasswordTest" time="3.476"/>
  <testcase classname="tests.LoginTest" name="loginWithInvalidEmailTest" time="4.796"/>
</testsuite> <!-- Test -->
