<?xml version="1.0" encoding="UTF-8"?>
<testng-results ignored="0" total="4" passed="4" failed="0" skipped="0">
  <reporter-output>
  </reporter-output>
  <suite started-at="2022-02-04T23:38:06 GMT-05:00" name="Suite" finished-at="2022-02-04T23:39:49 GMT-05:00" duration-ms="102953">
    <groups>
    </groups>
    <test started-at="2022-02-04T23:38:06 GMT-05:00" name="Test" finished-at="2022-02-04T23:39:49 GMT-05:00" duration-ms="102953">
      <class name="tests.LoginTest">
        <test-method is-config="true" signature="beforeMethod()[pri:0, instance:tests.LoginTest@64c63c79]" started-at="2022-02-04T23:38:06 GMT-05:00" name="beforeMethod" finished-at="2022-02-04T23:38:30 GMT-05:00" duration-ms="23455" status="PASS">
          <reporter-output>
          </reporter-output>
        </test-method> <!-- beforeMethod -->
        <test-method signature="LoginWithWrongEmailPasswordTest()[pri:0, instance:tests.LoginTest@64c63c79]" started-at="2022-02-04T23:38:30 GMT-05:00" name="LoginWithWrongEmailPasswordTest" finished-at="2022-02-04T23:38:36 GMT-05:00" duration-ms="6890" status="PASS">
          <reporter-output>
          </reporter-output>
        </test-method> <!-- LoginWithWrongEmailPasswordTest -->
        <test-method is-config="true" signature="afterMethod()[pri:0, instance:tests.LoginTest@64c63c79]" started-at="2022-02-04T23:38:36 GMT-05:00" name="afterMethod" finished-at="2022-02-04T23:38:39 GMT-05:00" duration-ms="2558" status="PASS">
          <reporter-output>
          </reporter-output>
        </test-method> <!-- afterMethod -->
        <test-method is-config="true" signature="beforeMethod()[pri:0, instance:tests.LoginTest@64c63c79]" started-at="2022-02-04T23:38:39 GMT-05:00" name="beforeMethod" finished-at="2022-02-04T23:38:54 GMT-05:00" duration-ms="15211" status="PASS">
          <reporter-output>
          </reporter-output>
        </test-method> <!-- beforeMethod -->
        <test-method signature="loginWithEmptyEmailTest()[pri:0, instance:tests.LoginTest@64c63c79]" started-at="2022-02-04T23:38:54 GMT-05:00" name="loginWithEmptyEmailTest" finished-at="2022-02-04T23:39:01 GMT-05:00" duration-ms="7003" status="PASS">
          <reporter-output>
          </reporter-output>
        </test-method> <!-- loginWithEmptyEmailTest -->
        <test-method is-config="true" signature="afterMethod()[pri:0, instance:tests.LoginTest@64c63c79]" started-at="2022-02-04T23:39:01 GMT-05:00" name="afterMethod" finished-at="2022-02-04T23:39:04 GMT-05:00" duration-ms="2338" status="PASS">
          <reporter-output>
          </reporter-output>
        </test-method> <!-- afterMethod -->
        <test-method is-config="true" signature="beforeMethod()[pri:0, instance:tests.LoginTest@64c63c79]" started-at="2022-02-04T23:39:04 GMT-05:00" name="beforeMethod" finished-at="2022-02-04T23:39:23 GMT-05:00" duration-ms="19646" status="PASS">
          <reporter-output>
          </reporter-output>
        </test-method> <!-- beforeMethod -->
        <test-method signature="loginWithEmptyPasswordTest()[pri:0, instance:tests.LoginTest@64c63c79]" started-at="2022-02-04T23:39:23 GMT-05:00" name="loginWithEmptyPasswordTest" finished-at="2022-02-04T23:39:27 GMT-05:00" duration-ms="3476" status="PASS">
          <reporter-output>
          </reporter-output>
        </test-method> <!-- loginWithEmptyPasswordTest -->
        <test-method is-config="true" signature="afterMethod()[pri:0, instance:tests.LoginTest@64c63c79]" started-at="2022-02-04T23:39:27 GMT-05:00" name="afterMethod" finished-at="2022-02-04T23:39:28 GMT-05:00" duration-ms="1599" status="PASS">
          <reporter-output>
          </reporter-output>
        </test-method> <!-- afterMethod -->
        <test-method is-config="true" signature="beforeMethod()[pri:0, instance:tests.LoginTest@64c63c79]" started-at="2022-02-04T23:39:28 GMT-05:00" name="beforeMethod" finished-at="2022-02-04T23:39:42 GMT-05:00" duration-ms="14055" status="PASS">
          <reporter-output>
          </reporter-output>
        </test-method> <!-- beforeMethod -->
        <test-method signature="loginWithInvalidEmailTest()[pri:0, instance:tests.LoginTest@64c63c79]" started-at="2022-02-04T23:39:42 GMT-05:00" name="loginWithInvalidEmailTest" finished-at="2022-02-04T23:39:47 GMT-05:00" duration-ms="4796" status="PASS">
          <reporter-output>
          </reporter-output>
        </test-method> <!-- loginWithInvalidEmailTest -->
        <test-method is-config="true" signature="afterMethod()[pri:0, instance:tests.LoginTest@64c63c79]" started-at="2022-02-04T23:39:47 GMT-05:00" name="afterMethod" finished-at="2022-02-04T23:39:49 GMT-05:00" duration-ms="1872" status="PASS">
          <reporter-output>
          </reporter-output>
        </test-method> <!-- afterMethod -->
      </class> <!-- tests.LoginTest -->
    </test> <!-- Test -->
  </suite> <!-- Suite -->
</testng-results>
